<?xml version="1.0" encoding="UTF-8"?>
<!-- Generated by org.testng.reporters.JUnitXMLReporter -->
<testsuite ignored="0" hostname="Ishan-Verma" failures="0" tests="5" name="Herohuapp_1" time="10.903" errors="0" timestamp="2024-03-31T23:07:06 EDT">
  <testcase classname="com.herohuapp.Test.Add_RemoveElementPage_Test" name="Test_clickonAdd_RemoveElements" time="0.42"/>
  <testcase classname="com.herohuapp.Test.Add_RemoveElementPage_Test" name="Test_clickAddElement" time="0.323"/>
  <testcase classname="com.herohuapp.Test.Add_RemoveElementPage_Test" name="Test_deleteBtn" time="0.422"/>
  <testcase classname="com.herohuapp.Test.CheckboxesPage_Test" name="VerifyCheckboxes_linkBtn" time="0.453"/>
  <testcase classname="com.herohuapp.Test.CheckboxesPage_Test" name="verifycheckboxes_Btn" time="0.452"/>
</testsuite> <!-- Herohuapp_1 -->
