<?xml version="1.0" encoding="UTF-8"?>
<testng-results ignored="0" total="5" passed="5" failed="0" skipped="0">
  <reporter-output>
  </reporter-output>
  <suite started-at="2024-03-31T23:06:55 EDT" name="Herohuapp_automation_suite" finished-at="2024-03-31T23:07:06 EDT" duration-ms="10903">
    <groups>
    </groups>
    <test started-at="2024-03-31T23:06:55 EDT" name="Herohuapp_1" finished-at="2024-03-31T23:07:06 EDT" duration-ms="10903">
      <class name="com.herohuapp.Test.Add_RemoveElementPage_Test">
        <test-method is-config="true" signature="browserSetup()[pri:0, instance:com.herohuapp.Test.Add_RemoveElementPage_Test@2d3379b4]" started-at="2024-03-31T23:06:55 EDT" name="browserSetup" finished-at="2024-03-31T23:06:57 EDT" duration-ms="2681" status="PASS">
          <reporter-output>
          </reporter-output>
        </test-method> <!-- browserSetup -->
        <test-method is-config="true" signature="launchapplication()[pri:0, instance:com.herohuapp.Test.Add_RemoveElementPage_Test@2d3379b4]" started-at="2024-03-31T23:06:58 EDT" name="launchapplication" finished-at="2024-03-31T23:06:58 EDT" duration-ms="686" status="PASS">
          <reporter-output>
          </reporter-output>
        </test-method> <!-- launchapplication -->
        <test-method signature="Test_clickonAdd_RemoveElements()[pri:1, instance:com.herohuapp.Test.Add_RemoveElementPage_Test@2d3379b4]" started-at="2024-03-31T23:06:58 EDT" name="Test_clickonAdd_RemoveElements" finished-at="2024-03-31T23:06:59 EDT" duration-ms="420" status="PASS">
          <reporter-output>
          </reporter-output>
        </test-method> <!-- Test_clickonAdd_RemoveElements -->
        <test-method is-config="true" signature="takescreenshotforfailure(org.testng.ITestResult)[pri:0, instance:com.herohuapp.Test.Add_RemoveElementPage_Test@2d3379b4]" started-at="2024-03-31T23:06:59 EDT" name="takescreenshotforfailure" finished-at="2024-03-31T23:06:59 EDT" duration-ms="2" status="PASS">
          <params>
            <param index="0">
              <value>
                <![CDATA[[TestResult name=Test_clickonAdd_RemoveElements status=SUCCESS method=Add_RemoveElementPage_Test.Test_clickonAdd_RemoveElements()[pri:1, instance:com.herohuapp.Test.Add_RemoveElementPage_Test@2d3379b4] output={null}]]]>
              </value>
            </param>
          </params>
          <reporter-output>
          </reporter-output>
        </test-method> <!-- takescreenshotforfailure -->
        <test-method is-config="true" signature="launchapplication()[pri:0, instance:com.herohuapp.Test.Add_RemoveElementPage_Test@2d3379b4]" started-at="2024-03-31T23:06:59 EDT" name="launchapplication" finished-at="2024-03-31T23:06:59 EDT" duration-ms="157" status="PASS">
          <reporter-output>
          </reporter-output>
        </test-method> <!-- launchapplication -->
        <test-method signature="Test_clickAddElement()[pri:2, instance:com.herohuapp.Test.Add_RemoveElementPage_Test@2d3379b4]" started-at="2024-03-31T23:06:59 EDT" name="Test_clickAddElement" finished-at="2024-03-31T23:06:59 EDT" duration-ms="323" status="PASS">
          <reporter-output>
          </reporter-output>
        </test-method> <!-- Test_clickAddElement -->
        <test-method is-config="true" signature="takescreenshotforfailure(org.testng.ITestResult)[pri:0, instance:com.herohuapp.Test.Add_RemoveElementPage_Test@2d3379b4]" started-at="2024-03-31T23:06:59 EDT" name="takescreenshotforfailure" finished-at="2024-03-31T23:06:59 EDT" duration-ms="6" status="PASS">
          <params>
            <param index="0">
              <value>
                <![CDATA[[TestResult name=Test_clickAddElement status=SUCCESS method=Add_RemoveElementPage_Test.Test_clickAddElement()[pri:2, instance:com.herohuapp.Test.Add_RemoveElementPage_Test@2d3379b4] output={null}]]]>
              </value>
            </param>
          </params>
          <reporter-output>
          </reporter-output>
        </test-method> <!-- takescreenshotforfailure -->
        <test-method is-config="true" signature="launchapplication()[pri:0, instance:com.herohuapp.Test.Add_RemoveElementPage_Test@2d3379b4]" started-at="2024-03-31T23:06:59 EDT" name="launchapplication" finished-at="2024-03-31T23:06:59 EDT" duration-ms="159" status="PASS">
          <reporter-output>
          </reporter-output>
        </test-method> <!-- launchapplication -->
        <test-method signature="Test_deleteBtn()[pri:3, instance:com.herohuapp.Test.Add_RemoveElementPage_Test@2d3379b4]" started-at="2024-03-31T23:06:59 EDT" name="Test_deleteBtn" finished-at="2024-03-31T23:07:00 EDT" duration-ms="422" status="PASS">
          <reporter-output>
          </reporter-output>
        </test-method> <!-- Test_deleteBtn -->
        <test-method is-config="true" signature="takescreenshotforfailure(org.testng.ITestResult)[pri:0, instance:com.herohuapp.Test.Add_RemoveElementPage_Test@2d3379b4]" started-at="2024-03-31T23:07:00 EDT" name="takescreenshotforfailure" finished-at="2024-03-31T23:07:00 EDT" duration-ms="0" status="PASS">
          <params>
            <param index="0">
              <value>
                <![CDATA[[TestResult name=Test_deleteBtn status=SUCCESS method=Add_RemoveElementPage_Test.Test_deleteBtn()[pri:3, instance:com.herohuapp.Test.Add_RemoveElementPage_Test@2d3379b4] output={null}]]]>
              </value>
            </param>
          </params>
          <reporter-output>
          </reporter-output>
        </test-method> <!-- takescreenshotforfailure -->
        <test-method is-config="true" signature="teardown()[pri:0, instance:com.herohuapp.Test.Add_RemoveElementPage_Test@2d3379b4]" started-at="2024-03-31T23:07:00 EDT" name="teardown" finished-at="2024-03-31T23:07:01 EDT" duration-ms="1328" status="PASS">
          <reporter-output>
          </reporter-output>
        </test-method> <!-- teardown -->
      </class> <!-- com.herohuapp.Test.Add_RemoveElementPage_Test -->
      <class name="com.herohuapp.Test.CheckboxesPage_Test">
        <test-method is-config="true" signature="browserSetup()[pri:0, instance:com.herohuapp.Test.CheckboxesPage_Test@5e0e82ae]" started-at="2024-03-31T23:07:01 EDT" name="browserSetup" finished-at="2024-03-31T23:07:03 EDT" duration-ms="1568" status="PASS">
          <reporter-output>
          </reporter-output>
        </test-method> <!-- browserSetup -->
        <test-method is-config="true" signature="launchapplication()[pri:0, instance:com.herohuapp.Test.CheckboxesPage_Test@5e0e82ae]" started-at="2024-03-31T23:07:03 EDT" name="launchapplication" finished-at="2024-03-31T23:07:03 EDT" duration-ms="673" status="PASS">
          <reporter-output>
          </reporter-output>
        </test-method> <!-- launchapplication -->
        <test-method signature="VerifyCheckboxes_linkBtn()[pri:0, instance:com.herohuapp.Test.CheckboxesPage_Test@5e0e82ae]" started-at="2024-03-31T23:07:03 EDT" name="VerifyCheckboxes_linkBtn" finished-at="2024-03-31T23:07:04 EDT" duration-ms="453" status="PASS">
          <reporter-output>
          </reporter-output>
        </test-method> <!-- VerifyCheckboxes_linkBtn -->
        <test-method is-config="true" signature="takescreenshotforfailure(org.testng.ITestResult)[pri:0, instance:com.herohuapp.Test.CheckboxesPage_Test@5e0e82ae]" started-at="2024-03-31T23:07:04 EDT" name="takescreenshotforfailure" finished-at="2024-03-31T23:07:04 EDT" duration-ms="0" status="PASS">
          <params>
            <param index="0">
              <value>
                <![CDATA[[TestResult name=VerifyCheckboxes_linkBtn status=SUCCESS method=CheckboxesPage_Test.VerifyCheckboxes_linkBtn()[pri:0, instance:com.herohuapp.Test.CheckboxesPage_Test@5e0e82ae] output={null}]]]>
              </value>
            </param>
          </params>
          <reporter-output>
          </reporter-output>
        </test-method> <!-- takescreenshotforfailure -->
        <test-method is-config="true" signature="launchapplication()[pri:0, instance:com.herohuapp.Test.CheckboxesPage_Test@5e0e82ae]" started-at="2024-03-31T23:07:04 EDT" name="launchapplication" finished-at="2024-03-31T23:07:04 EDT" duration-ms="158" status="PASS">
          <reporter-output>
          </reporter-output>
        </test-method> <!-- launchapplication -->
        <test-method signature="verifycheckboxes_Btn()[pri:0, instance:com.herohuapp.Test.CheckboxesPage_Test@5e0e82ae]" started-at="2024-03-31T23:07:04 EDT" name="verifycheckboxes_Btn" finished-at="2024-03-31T23:07:04 EDT" duration-ms="452" status="PASS">
          <reporter-output>
          </reporter-output>
        </test-method> <!-- verifycheckboxes_Btn -->
        <test-method is-config="true" signature="teardown()[pri:0, instance:com.herohuapp.Test.CheckboxesPage_Test@5e0e82ae]" started-at="2024-03-31T23:07:04 EDT" name="teardown" finished-at="2024-03-31T23:07:06 EDT" duration-ms="1309" status="PASS">
          <reporter-output>
          </reporter-output>
        </test-method> <!-- teardown -->
        <test-method is-config="true" signature="takescreenshotforfailure(org.testng.ITestResult)[pri:0, instance:com.herohuapp.Test.CheckboxesPage_Test@5e0e82ae]" started-at="2024-03-31T23:07:04 EDT" name="takescreenshotforfailure" finished-at="2024-03-31T23:07:04 EDT" duration-ms="0" status="PASS">
          <params>
            <param index="0">
              <value>
                <![CDATA[[TestResult name=verifycheckboxes_Btn status=SUCCESS method=CheckboxesPage_Test.verifycheckboxes_Btn()[pri:0, instance:com.herohuapp.Test.CheckboxesPage_Test@5e0e82ae] output={null}]]]>
              </value>
            </param>
          </params>
          <reporter-output>
          </reporter-output>
        </test-method> <!-- takescreenshotforfailure -->
      </class> <!-- com.herohuapp.Test.CheckboxesPage_Test -->
    </test> <!-- Herohuapp_1 -->
  </suite> <!-- Herohuapp_automation_suite -->
</testng-results>
